This is pdfTeX, Version 3.1415926-1.40.10 (TeX Live 2009/Debian) (format=latex 2011.9.4)  27 SEP 2011 12:15
entering extended mode
 %&-line parsing enabled.
**\input notes.tex
(./notes.tex (/usr/share/texmf-texlive/tex/latex/base/article.cls
Document Class: article 2007/10/19 v1.4h Standard LaTeX document class
(/usr/share/texmf-texlive/tex/latex/base/size10.clo
File: size10.clo 2007/10/19 v1.4h Standard LaTeX file (size option)
)
\c@part=\count79
\c@section=\count80
\c@subsection=\count81
\c@subsubsection=\count82
\c@paragraph=\count83
\c@subparagraph=\count84
\c@figure=\count85
\c@table=\count86
\abovecaptionskip=\skip41
\belowcaptionskip=\skip42
\bibindent=\dimen102
)
(/usr/share/texmf-texlive/tex/latex/amsmath/amsmath.sty
Package: amsmath 2000/07/18 v2.13 AMS math features
\@mathmargin=\skip43

For additional information on amsmath, use the `?' option.
(/usr/share/texmf-texlive/tex/latex/amsmath/amstext.sty
Package: amstext 2000/06/29 v2.01

(/usr/share/texmf-texlive/tex/latex/amsmath/amsgen.sty
File: amsgen.sty 1999/11/30 v2.0
\@emptytoks=\toks14
\ex@=\dimen103
))
(/usr/share/texmf-texlive/tex/latex/amsmath/amsbsy.sty
Package: amsbsy 1999/11/29 v1.2d
\pmbraise@=\dimen104
)
(/usr/share/texmf-texlive/tex/latex/amsmath/amsopn.sty
Package: amsopn 1999/12/14 v2.01 operator names
)
\inf@bad=\count87
LaTeX Info: Redefining \frac on input line 211.
\uproot@=\count88
\leftroot@=\count89
LaTeX Info: Redefining \overline on input line 307.
\classnum@=\count90
\DOTSCASE@=\count91
LaTeX Info: Redefining \ldots on input line 379.
LaTeX Info: Redefining \dots on input line 382.
LaTeX Info: Redefining \cdots on input line 467.
\Mathstrutbox@=\box26
\strutbox@=\box27
\big@size=\dimen105
LaTeX Font Info:    Redeclaring font encoding OML on input line 567.
LaTeX Font Info:    Redeclaring font encoding OMS on input line 568.
\macc@depth=\count92
\c@MaxMatrixCols=\count93
\dotsspace@=\muskip10
\c@parentequation=\count94
\dspbrk@lvl=\count95
\tag@help=\toks15
\row@=\count96
\column@=\count97
\maxfields@=\count98
\andhelp@=\toks16
\eqnshift@=\dimen106
\alignsep@=\dimen107
\tagshift@=\dimen108
\tagwidth@=\dimen109
\totwidth@=\dimen110
\lineht@=\dimen111
\@envbody=\toks17
\multlinegap=\skip44
\multlinetaggap=\skip45
\mathdisplay@stack=\toks18
LaTeX Info: Redefining \[ on input line 2666.
LaTeX Info: Redefining \] on input line 2667.
) (./notes.aux)
\openout1 = `notes.aux'.

LaTeX Font Info:    Checking defaults for OML/cmm/m/it on input line 25.
LaTeX Font Info:    ... okay on input line 25.
LaTeX Font Info:    Checking defaults for T1/cmr/m/n on input line 25.
LaTeX Font Info:    ... okay on input line 25.
LaTeX Font Info:    Checking defaults for OT1/cmr/m/n on input line 25.
LaTeX Font Info:    ... okay on input line 25.
LaTeX Font Info:    Checking defaults for OMS/cmsy/m/n on input line 25.
LaTeX Font Info:    ... okay on input line 25.
LaTeX Font Info:    Checking defaults for OMX/cmex/m/n on input line 25.
LaTeX Font Info:    ... okay on input line 25.
LaTeX Font Info:    Checking defaults for U/cmr/m/n on input line 25.
LaTeX Font Info:    ... okay on input line 25.
LaTeX Font Info:    Try loading font information for OMS+cmr on input line 37.

(/usr/share/texmf-texlive/tex/latex/base/omscmr.fd
File: omscmr.fd 1999/05/25 v2.5h Standard LaTeX font definitions
)
LaTeX Font Info:    Font shape `OMS/cmr/m/n' in size <10> not available
(Font)              Font shape `OMS/cmsy/m/n' tried instead on input line 37.

Overfull \hbox (5.07463pt too wide) in paragraph at lines 38--40
[]\OT1/cmr/m/n/10 Programming projects \OT1/cmr/bx/n/10 27%\OT1/cmr/m/n/10 : 3 
to-tal, af-ter 48hrs 50% down, teams. (Python
 []

[1

] [2]
Overfull \hbox (2.00693pt too wide) in paragraph at lines 122--124
[]\OT1/cmr/bx/n/10 Calc/Linear Al-ge-bra\OT1/cmr/m/n/10 : find-ing max-ima/mini
ma of func-tions, al-lows high-
 []


Overfull \hbox (9.547pt too wide) in paragraph at lines 127--131
\OT1/cmr/m/n/10 ory a lot. Stat is very sim-i-lar to ML. But stat is about anal
-y-sis/interpretation
 []


Overfull \hbox (1.40474pt too wide) in paragraph at lines 150--153
[]\OT1/cmr/m/it/10 example: is sunny? \OT1/cmr/m/n/10 =>\OMS/cmsy/m/n/10 f\OT1/
cmr/m/n/10 no (play-80%, noplay-20%), yes(play-33%, noplay-
 []

[3]
Overfull \hbox (13.27847pt too wide) in paragraph at lines 157--158
[]\OT1/cmr/m/n/10 So the train-ing ac-cu-racy un-der this fea-ture(question): $
1\OML/cmm/m/it/10 =\OT1/cmr/m/n/10 2(75%) + 1\OML/cmm/m/it/10 =\OT1/cmr/m/n/10 
2(50%) =
 []


Overfull \hbox (22.24724pt too wide) in paragraph at lines 171--172
[]\OT1/cmtt/m/n/10 else for all features, compute the score (training accuracy)
.
 []


Overfull \hbox (22.24724pt too wide) in paragraph at lines 171--172
\OT1/cmtt/m/n/10 Find the guy with max score, split the data, remove that guy,
 []

[4] [5]
Overfull \hbox (9.10092pt too wide) in paragraph at lines 230--234
[]\OT1/cmr/m/n/10 Goal: min-i-mize $\OML/cmm/m/it/10 ^^O \OT1/cmr/m/n/10 = \OT1
/cmr/bx/n/10 E[]\OT1/cmr/m/n/10 [\OML/cmm/m/it/10 f\OT1/cmr/m/n/10 (\OML/cmm/m/
it/10 x\OT1/cmr/m/n/10 ) \OMS/cmsy/m/n/10 6\OT1/cmr/m/n/10 = \OML/cmm/m/it/10 y
\OT1/cmr/m/n/10 ]$. We can cal-cu-late $[] = [] [][][\OML/cmm/m/it/10 f\OT1/cmr
/m/n/10 (\OML/cmm/m/it/10 x[]\OT1/cmr/m/n/10 ) \OMS/cmsy/m/n/10 6\OT1/cmr/m/n/1
0 =
 []

[6] [7] [8]
Missing character: There is no â in font cmr10!
Missing character: There is no € in font cmr10!
Missing character: There is no ™ in font cmr10!
Missing character: There is no â in font cmr10!
Missing character: There is no € in font cmr10!
Missing character: There is no ™ in font cmr10!
Missing character: There is no â in font cmr10!
Missing character: There is no € in font cmr10!
Missing character: There is no ™ in font cmr10!
 [9]
Underfull \hbox (badness 10000) in paragraph at lines 475--477

 []

[10]
Underfull \hbox (badness 10000) in paragraph at lines 519--520

 []

[11] [12]

Package amsmath Warning: Foreign command \atopwithdelims;
(amsmath)                \frac or \genfrac should be used instead
(amsmath)                 on input line 637.

[13] (./notes.aux) ) 
Here is how much of TeX's memory you used:
 898 strings out of 495062
 9886 string characters out of 1182645
 64375 words of memory out of 3000000
 4125 multiletter control sequences out of 15000+50000
 10156 words of font info for 37 fonts, out of 3000000 for 9000
 28 hyphenation exceptions out of 8191
 27i,15n,20p,224b,194s stack positions out of 5000i,500n,10000p,200000b,50000s

Output written on notes.dvi (13 pages, 37200 bytes).
