This is pdfTeX, Version 3.1415926-1.40.10 (TeX Live 2009) (format=pdflatex 2010.2.4)  2 DEC 2011 10:00
entering extended mode
 %&-line parsing enabled.
**\input notes2.tex
(./notes2.tex
(/usr/local/texlive/2009basic/texmf-dist/tex/latex/base/article.cls
Document Class: article 2007/10/19 v1.4h Standard LaTeX document class
(/usr/local/texlive/2009basic/texmf-dist/tex/latex/base/size10.clo
File: size10.clo 2007/10/19 v1.4h Standard LaTeX file (size option)
)
\c@part=\count79
\c@section=\count80
\c@subsection=\count81
\c@subsubsection=\count82
\c@paragraph=\count83
\c@subparagraph=\count84
\c@figure=\count85
\c@table=\count86
\abovecaptionskip=\skip41
\belowcaptionskip=\skip42
\bibindent=\dimen102
)
(/usr/local/texlive/2009basic/texmf-dist/tex/latex/amsmath/amsmath.sty
Package: amsmath 2000/07/18 v2.13 AMS math features
\@mathmargin=\skip43

For additional information on amsmath, use the `?' option.
(/usr/local/texlive/2009basic/texmf-dist/tex/latex/amsmath/amstext.sty
Package: amstext 2000/06/29 v2.01

(/usr/local/texlive/2009basic/texmf-dist/tex/latex/amsmath/amsgen.sty
File: amsgen.sty 1999/11/30 v2.0
\@emptytoks=\toks14
\ex@=\dimen103
))
(/usr/local/texlive/2009basic/texmf-dist/tex/latex/amsmath/amsbsy.sty
Package: amsbsy 1999/11/29 v1.2d
\pmbraise@=\dimen104
)
(/usr/local/texlive/2009basic/texmf-dist/tex/latex/amsmath/amsopn.sty
Package: amsopn 1999/12/14 v2.01 operator names
)
\inf@bad=\count87
LaTeX Info: Redefining \frac on input line 211.
\uproot@=\count88
\leftroot@=\count89
LaTeX Info: Redefining \overline on input line 307.
\classnum@=\count90
\DOTSCASE@=\count91
LaTeX Info: Redefining \ldots on input line 379.
LaTeX Info: Redefining \dots on input line 382.
LaTeX Info: Redefining \cdots on input line 467.
\Mathstrutbox@=\box26
\strutbox@=\box27
\big@size=\dimen105
LaTeX Font Info:    Redeclaring font encoding OML on input line 567.
LaTeX Font Info:    Redeclaring font encoding OMS on input line 568.


Package amsmath Warning: Unable to redefine math accent \vec.

\macc@depth=\count92
\c@MaxMatrixCols=\count93
\dotsspace@=\muskip10
\c@parentequation=\count94
\dspbrk@lvl=\count95
\tag@help=\toks15
\row@=\count96
\column@=\count97
\maxfields@=\count98
\andhelp@=\toks16
\eqnshift@=\dimen106
\alignsep@=\dimen107
\tagshift@=\dimen108
\tagwidth@=\dimen109
\totwidth@=\dimen110
\lineht@=\dimen111
\@envbody=\toks17
\multlinegap=\skip44
\multlinetaggap=\skip45
\mathdisplay@stack=\toks18
LaTeX Info: Redefining \[ on input line 2666.
LaTeX Info: Redefining \] on input line 2667.
) (/usr/local/texlive/2009basic/texmf-dist/tex/latex/amsfonts/amssymb.sty
Package: amssymb 2009/06/22 v3.00

(/usr/local/texlive/2009basic/texmf-dist/tex/latex/amsfonts/amsfonts.sty
Package: amsfonts 2009/06/22 v3.00 Basic AMSFonts support
\symAMSa=\mathgroup4
\symAMSb=\mathgroup5
LaTeX Font Info:    Overwriting math alphabet `\mathfrak' in version `bold'
(Font)                  U/euf/m/n --> U/euf/b/n on input line 96.
))
(./algorithmic.sty
Package: algorithmic 

Document Style `algorithmic' - environment
(/usr/local/texlive/2009basic/texmf-dist/tex/latex/base/ifthen.sty
Package: ifthen 2001/05/26 v1.1c Standard LaTeX ifthen package (DPC)
)
(/usr/local/texlive/2009basic/texmf-dist/tex/latex/tools/calc.sty
Package: calc 2007/08/22 v4.3 Infix arithmetic (KKT,FJ)
\calc@Acount=\count99
\calc@Bcount=\count100
\calc@Adimen=\dimen112
\calc@Bdimen=\dimen113
\calc@Askip=\skip46
\calc@Bskip=\skip47
LaTeX Info: Redefining \setlength on input line 76.
LaTeX Info: Redefining \addtolength on input line 77.
\calc@Ccount=\count101
\calc@Cskip=\skip48
)
\c@ALC@line=\count102
\c@ALC@rem=\count103
\ALC@tlm=\skip49
)
(/usr/local/texlive/2009basic/texmf-dist/tex/latex/pdfpages/pdfpages.sty
Package: pdfpages 2010/01/12 v0.4j Insert pages of external PDF documents (AM)

(/usr/local/texlive/2009basic/texmf-dist/tex/latex/eso-pic/eso-pic.sty
Package: eso-pic 2009/10/07 v2.0a eso-pic (RN)

(/usr/local/texlive/2009basic/texmf-dist/tex/generic/oberdiek/atbegshi.sty
Package: atbegshi 2009/12/02 v1.10 At begin shipout hook (HO)

(/usr/local/texlive/2009basic/texmf-dist/tex/generic/oberdiek/infwarerr.sty
Package: infwarerr 2007/09/09 v1.2 Providing info/warning/message (HO)
)
(/usr/local/texlive/2009basic/texmf-dist/tex/generic/oberdiek/ifpdf.sty
Package: ifpdf 2009/04/10 v2.0 Provides the ifpdf switch (HO)
Package ifpdf Info: pdfTeX in pdf mode detected.
))
(/usr/local/texlive/2009basic/texmf-dist/tex/latex/graphics/keyval.sty
Package: keyval 1999/03/16 v1.13 key=value parser (DPC)
\KV@toks@=\toks19
)
(/usr/local/texlive/2009basic/texmf-dist/tex/latex/xcolor/xcolor.sty
Package: xcolor 2007/01/21 v2.11 LaTeX color extensions (UK)

(/usr/local/texlive/2009basic/texmf-dist/tex/latex/latexconfig/color.cfg
File: color.cfg 2007/01/18 v1.5 color configuration of teTeX/TeXLive
)
Package xcolor Info: Driver file: pdftex.def on input line 225.

(/usr/local/texlive/2009basic/texmf-dist/tex/latex/pdftex-def/pdftex.def
File: pdftex.def 2009/08/25 v0.04m Graphics/color for pdfTeX
\Gread@gobject=\count104
)
Package xcolor Info: Model `cmy' substituted by `cmy0' on input line 1337.
Package xcolor Info: Model `hsb' substituted by `rgb' on input line 1341.
Package xcolor Info: Model `RGB' extended on input line 1353.
Package xcolor Info: Model `HTML' substituted by `rgb' on input line 1355.
Package xcolor Info: Model `Hsb' substituted by `hsb' on input line 1356.
Package xcolor Info: Model `tHsb' substituted by `hsb' on input line 1357.
Package xcolor Info: Model `HSB' substituted by `hsb' on input line 1358.
Package xcolor Info: Model `Gray' substituted by `gray' on input line 1359.
Package xcolor Info: Model `wave' substituted by `hsb' on input line 1360.
))
(/usr/local/texlive/2009basic/texmf-dist/tex/latex/graphics/graphicx.sty
Package: graphicx 1999/02/16 v1.0f Enhanced LaTeX Graphics (DPC,SPQR)

(/usr/local/texlive/2009basic/texmf-dist/tex/latex/graphics/graphics.sty
Package: graphics 2009/02/05 v1.0o Standard LaTeX Graphics (DPC,SPQR)

(/usr/local/texlive/2009basic/texmf-dist/tex/latex/graphics/trig.sty
Package: trig 1999/03/16 v1.09 sin cos tan (DPC)
)
(/usr/local/texlive/2009basic/texmf-dist/tex/latex/latexconfig/graphics.cfg
File: graphics.cfg 2009/08/28 v1.8 graphics configuration of TeX Live
)
Package graphics Info: Driver file: pdftex.def on input line 91.
)
\Gin@req@height=\dimen114
\Gin@req@width=\dimen115
)
(/usr/local/texlive/2009basic/texmf-dist/tex/latex/pdfpages/pppdftex.def
File: pppdftex.def 2010/01/12 v0.4j Pdfpages driver for pdfTeX (AM)
)
\AM@pagebox=\box28
\AM@toc@title=\toks20
\c@AM@survey=\count105
\AM@templatesizebox=\box29
)
(./notes2.aux

LaTeX Warning: Label `sec:quasi-newton' multiply defined.

)
\openout1 = `notes2.aux'.

LaTeX Font Info:    Checking defaults for OML/cmm/m/it on input line 45.
LaTeX Font Info:    ... okay on input line 45.
LaTeX Font Info:    Checking defaults for T1/cmr/m/n on input line 45.
LaTeX Font Info:    ... okay on input line 45.
LaTeX Font Info:    Checking defaults for OT1/cmr/m/n on input line 45.
LaTeX Font Info:    ... okay on input line 45.
LaTeX Font Info:    Checking defaults for OMS/cmsy/m/n on input line 45.
LaTeX Font Info:    ... okay on input line 45.
LaTeX Font Info:    Checking defaults for OMX/cmex/m/n on input line 45.
LaTeX Font Info:    ... okay on input line 45.
LaTeX Font Info:    Checking defaults for U/cmr/m/n on input line 45.
LaTeX Font Info:    ... okay on input line 45.
\AtBeginShipoutBox=\box30
 (/usr/local/texlive/2009basic/texmf-dist/tex/context/base/supp-pdf.mkii
[Loading MPS to PDF converter (version 2006.09.02).]
\scratchcounter=\count106
\scratchdimen=\dimen116
\scratchbox=\box31
\nofMPsegments=\count107
\nofMParguments=\count108
\everyMPshowfont=\toks21
\MPscratchCnt=\count109
\MPscratchDim=\dimen117
\MPnumerator=\count110
\everyMPtoPDFconversion=\toks22
)
LaTeX Font Info:    Try loading font information for U+msa on input line 48.
 (/usr/local/texlive/2009basic/texmf-dist/tex/latex/amsfonts/umsa.fd
File: umsa.fd 2009/06/22 v3.00 AMS symbols A
)
LaTeX Font Info:    Try loading font information for U+msb on input line 48.

(/usr/local/texlive/2009basic/texmf-dist/tex/latex/amsfonts/umsb.fd
File: umsb.fd 2009/06/22 v3.00 AMS symbols B
) [1

{/usr/local/texlive/2009basic/texmf-var/fonts/map/pdftex/updmap/pdftex.map}] [2
]
[3] [4] [5]
LaTeX Font Info:    Try loading font information for OMS+cmr on input line 308.

 (/usr/local/texlive/2009basic/texmf-dist/tex/latex/base/omscmr.fd
File: omscmr.fd 1999/05/25 v2.5h Standard LaTeX font definitions
)
LaTeX Font Info:    Font shape `OMS/cmr/m/n' in size <10> not available
(Font)              Font shape `OMS/cmsy/m/n' tried instead on input line 308.

Overfull \hbox (166.79941pt too wide) in paragraph at lines 359--359
[] 
 []

[6] [7] [8] <jessyNote1.pdf, id=45, page=1, 614.295pt x 794.97pt>
File: jessyNote1.pdf Graphic file (type pdf)

<use jessyNote1.pdf, page 1>
File: jessyNote1.pdf Graphic file (type pdf)
 <use jessyNote1.pdf, page 1>
File: jessyNote1.pdf Graphic file (type pdf)

<use jessyNote1.pdf, page 1>
File: jessyNote1.pdf Graphic file (type pdf)
 <use jessyNote1.pdf, page 1>
File: jessyNote1.pdf Graphic file (type pdf)

<use jessyNote1.pdf, page 1> [9 <./jessyNote1.pdf, page is rotated 270 degrees>
] <jessyNote1.pdf, id=55, page=2, 614.295pt x 794.97pt>
File: jessyNote1.pdf Graphic file (type pdf)

<use jessyNote1.pdf, page 2>
File: jessyNote1.pdf Graphic file (type pdf)
 <use jessyNote1.pdf, page 2>
File: jessyNote1.pdf Graphic file (type pdf)

<use jessyNote1.pdf, page 2> [10 <./jessyNote1.pdf, page is rotated 270 degrees
>] <jessyNote1.pdf, id=62, page=3, 614.295pt x 794.97pt>
File: jessyNote1.pdf Graphic file (type pdf)

<use jessyNote1.pdf, page 3>
File: jessyNote1.pdf Graphic file (type pdf)
 <use jessyNote1.pdf, page 3>
File: jessyNote1.pdf Graphic file (type pdf)

<use jessyNote1.pdf, page 3> [11 <./jessyNote1.pdf, page is rotated 270 degrees
>] <jessyNote1.pdf, id=70, page=4, 614.295pt x 794.97pt>
File: jessyNote1.pdf Graphic file (type pdf)

<use jessyNote1.pdf, page 4>
File: jessyNote1.pdf Graphic file (type pdf)
 <use jessyNote1.pdf, page 4>
File: jessyNote1.pdf Graphic file (type pdf)

<use jessyNote1.pdf, page 4> [12 <./jessyNote1.pdf, page is rotated 270 degrees
>] <jessyNote1.pdf, id=78, page=5, 614.295pt x 794.97pt>
File: jessyNote1.pdf Graphic file (type pdf)

<use jessyNote1.pdf, page 5>
File: jessyNote1.pdf Graphic file (type pdf)
 <use jessyNote1.pdf, page 5>
File: jessyNote1.pdf Graphic file (type pdf)

<use jessyNote1.pdf, page 5> [13 <./jessyNote1.pdf, page is rotated 270 degrees
>] <jessyNote1.pdf, id=87, page=6, 614.295pt x 794.97pt>
File: jessyNote1.pdf Graphic file (type pdf)

<use jessyNote1.pdf, page 6>
File: jessyNote1.pdf Graphic file (type pdf)
 <use jessyNote1.pdf, page 6>
File: jessyNote1.pdf Graphic file (type pdf)

<use jessyNote1.pdf, page 6> [14 <./jessyNote1.pdf, page is rotated 270 degrees
>] <jessyNote1.pdf, id=96, page=7, 614.295pt x 794.97pt>
File: jessyNote1.pdf Graphic file (type pdf)

<use jessyNote1.pdf, page 7>
File: jessyNote1.pdf Graphic file (type pdf)
 <use jessyNote1.pdf, page 7>
File: jessyNote1.pdf Graphic file (type pdf)

<use jessyNote1.pdf, page 7> [15 <./jessyNote1.pdf, page is rotated 270 degrees
>] <jessyNote1.pdf, id=103, page=8, 614.295pt x 794.97pt>
File: jessyNote1.pdf Graphic file (type pdf)

<use jessyNote1.pdf, page 8>
File: jessyNote1.pdf Graphic file (type pdf)
 <use jessyNote1.pdf, page 8>
File: jessyNote1.pdf Graphic file (type pdf)

<use jessyNote1.pdf, page 8> [16 <./jessyNote1.pdf, page is rotated 270 degrees
>] [17] <jessyNote2.pdf, id=114, page=1, 614.295pt x 794.97pt>
File: jessyNote2.pdf Graphic file (type pdf)

<use jessyNote2.pdf, page 1>
File: jessyNote2.pdf Graphic file (type pdf)
 <use jessyNote2.pdf, page 1>
File: jessyNote2.pdf Graphic file (type pdf)

<use jessyNote2.pdf, page 1>
File: jessyNote2.pdf Graphic file (type pdf)
 <use jessyNote2.pdf, page 1>
File: jessyNote2.pdf Graphic file (type pdf)

<use jessyNote2.pdf, page 1> [18 <./jessyNote2.pdf>]
<jessyNote2.pdf, id=124, page=2, 614.295pt x 794.97pt>
File: jessyNote2.pdf Graphic file (type pdf)

<use jessyNote2.pdf, page 2>
File: jessyNote2.pdf Graphic file (type pdf)
 <use jessyNote2.pdf, page 2>
File: jessyNote2.pdf Graphic file (type pdf)

<use jessyNote2.pdf, page 2> [19 <./jessyNote2.pdf>]
<jessyNote2.pdf, id=134, page=3, 614.295pt x 794.97pt>
File: jessyNote2.pdf Graphic file (type pdf)

<use jessyNote2.pdf, page 3>
File: jessyNote2.pdf Graphic file (type pdf)
 <use jessyNote2.pdf, page 3>
File: jessyNote2.pdf Graphic file (type pdf)

<use jessyNote2.pdf, page 3> [20 <./jessyNote2.pdf>]
<jessyNote2.pdf, id=148, page=4, 614.295pt x 794.97pt>
File: jessyNote2.pdf Graphic file (type pdf)

<use jessyNote2.pdf, page 4>
File: jessyNote2.pdf Graphic file (type pdf)
 <use jessyNote2.pdf, page 4>
File: jessyNote2.pdf Graphic file (type pdf)

<use jessyNote2.pdf, page 4> [21 <./jessyNote2.pdf>]
<jessyNote2.pdf, id=158, page=5, 614.295pt x 794.97pt>
File: jessyNote2.pdf Graphic file (type pdf)

<use jessyNote2.pdf, page 5>
File: jessyNote2.pdf Graphic file (type pdf)
 <use jessyNote2.pdf, page 5>
File: jessyNote2.pdf Graphic file (type pdf)

<use jessyNote2.pdf, page 5> [22 <./jessyNote2.pdf>]
<jessyNote2.pdf, id=166, page=6, 614.295pt x 794.97pt>
File: jessyNote2.pdf Graphic file (type pdf)

<use jessyNote2.pdf, page 6>
File: jessyNote2.pdf Graphic file (type pdf)
 <use jessyNote2.pdf, page 6>
File: jessyNote2.pdf Graphic file (type pdf)

<use jessyNote2.pdf, page 6> [23 <./jessyNote2.pdf>]
<jessyNote2.pdf, id=173, page=7, 614.295pt x 794.97pt>
File: jessyNote2.pdf Graphic file (type pdf)

<use jessyNote2.pdf, page 7>
File: jessyNote2.pdf Graphic file (type pdf)
 <use jessyNote2.pdf, page 7>
File: jessyNote2.pdf Graphic file (type pdf)

<use jessyNote2.pdf, page 7> [24 <./jessyNote2.pdf>] [25] [26]
Overfull \hbox (119.48512pt too wide) in paragraph at lines 545--545
[] 
 []

[27] [28] [29] [30] [31]
Overfull \hbox (13.92592pt too wide) detected at line 825
[] \OT1/cmr/m/n/10 + \OML/cmm/m/it/10 u[]\OT1/cmr/m/n/10 ([]) = \OML/cmm/m/it/1
0 v\OT1/cmr/m/n/10 ([])
 []

[32] (./notes2.aux)

LaTeX Warning: There were multiply-defined labels.

 ) 
Here is how much of TeX's memory you used:
 3235 strings out of 494725
 42126 string characters out of 3170735
 106552 words of memory out of 3000000
 6415 multiletter control sequences out of 15000+200000
 12468 words of font info for 48 fonts, out of 3000000 for 9000
 188 hyphenation exceptions out of 8191
 37i,18n,43p,253b,392s stack positions out of 5000i,500n,10000p,200000b,50000s
</usr/local/texlive/2009basic/texmf-dist/fonts/type1/public/amsfonts/cm/cmbx1
0.pfb></usr/local/texlive/2009basic/texmf-dist/fonts/type1/public/amsfonts/cm/c
mbx12.pfb></usr/local/texlive/2009basic/texmf-dist/fonts/type1/public/amsfonts/
cm/cmex10.pfb></usr/local/texlive/2009basic/texmf-dist/fonts/type1/public/amsfo
nts/cm/cmmi10.pfb></usr/local/texlive/2009basic/texmf-dist/fonts/type1/public/a
msfonts/cm/cmmi5.pfb></usr/local/texlive/2009basic/texmf-dist/fonts/type1/publi
c/amsfonts/cm/cmmi7.pfb></usr/local/texlive/2009basic/texmf-dist/fonts/type1/pu
blic/amsfonts/cm/cmr10.pfb></usr/local/texlive/2009basic/texmf-dist/fonts/type1
/public/amsfonts/cm/cmr12.pfb></usr/local/texlive/2009basic/texmf-dist/fonts/ty
pe1/public/amsfonts/cm/cmr17.pfb></usr/local/texlive/2009basic/texmf-dist/fonts
/type1/public/amsfonts/cm/cmr5.pfb></usr/local/texlive/2009basic/texmf-dist/fon
ts/type1/public/amsfonts/cm/cmr7.pfb></usr/local/texlive/2009basic/texmf-dist/f
onts/type1/public/amsfonts/cm/cmsy10.pfb></usr/local/texlive/2009basic/texmf-di
st/fonts/type1/public/amsfonts/cm/cmsy5.pfb></usr/local/texlive/2009basic/texmf
-dist/fonts/type1/public/amsfonts/cm/cmsy7.pfb></usr/local/texlive/2009basic/te
xmf-dist/fonts/type1/public/amsfonts/cm/cmti10.pfb></usr/local/texlive/2009basi
c/texmf-dist/fonts/type1/public/amsfonts/symbols/msam10.pfb>
Output written on notes2.pdf (32 pages, 1389710 bytes).
PDF statistics:
 256 PDF objects out of 1000 (max. 8388607)
 0 named destinations out of 1000 (max. 500000)
 96 words of extra memory for PDF output out of 10000 (max. 10000000)

